{"level":"info","message":"🚀 Server running on http://localhost:5000 in development mode","timestamp":"2026-04-11 16:32:04"}
{"level":"info","message":"POST /api/v1/auth/signup-admin 201 413 - 806.337 ms","timestamp":"2026-04-11 16:32:14"}
{"level":"info","message":"POST /api/v1/auth/login 200 413 - 503.718 ms","timestamp":"2026-04-11 16:32:15"}
{"level":"info","message":"POST /api/v1/auth/login 401 33 - 464.300 ms","timestamp":"2026-04-11 16:32:15"}
{"level":"info","message":"🚀 Server running on http://localhost:5000 in development mode","timestamp":"2026-04-11 16:37:06"}
{"level":"info","message":"POST /api/v1/auth/signup-admin 201 415 - 788.993 ms","timestamp":"2026-04-11 16:37:11"}
{"level":"info","message":"GET /api/v1/employees/me 404 31 - 14.332 ms","timestamp":"2026-04-11 16:37:12"}
{"level":"info","message":"GET /api/v1/employees 200 2 - 34.776 ms","timestamp":"2026-04-11 16:37:12"}
{"level":"info","message":"GET /api/v1/employees/69da2b603e1e0de2dc9f917c 404 32 - 8.258 ms","timestamp":"2026-04-11 16:37:12"}
{"level":"info","message":"PATCH /api/v1/employees/69da2b603e1e0de2dc9f917c 404 32 - 17.935 ms","timestamp":"2026-04-11 16:37:12"}
{"level":"info","message":"DELETE /api/v1/employees/69da2b603e1e0de2dc9f917c 404 32 - 9.398 ms","timestamp":"2026-04-11 16:37:12"}
{"level":"info","message":"🚀 Server running on http://localhost:5000 in development mode","timestamp":"2026-04-11 16:37:59"}
{"level":"info","message":"POST /api/v1/auth/signup-admin 201 415 - 1203.041 ms","timestamp":"2026-04-11 16:38:08"}
{"level":"info","message":"GET /api/v1/employees/me 404 31 - 83.942 ms","timestamp":"2026-04-11 16:38:08"}
{"level":"info","message":"GET /api/v1/employees 200 2 - 96.429 ms","timestamp":"2026-04-11 16:38:09"}
{"level":"info","message":"GET /api/v1/employees/69da2b98859f8216588817eb 404 32 - 26.989 ms","timestamp":"2026-04-11 16:38:09"}
{"level":"info","message":"PATCH /api/v1/employees/69da2b98859f8216588817eb 404 32 - 31.340 ms","timestamp":"2026-04-11 16:38:09"}
{"level":"info","message":"DELETE /api/v1/employees/69da2b98859f8216588817eb 404 32 - 15.519 ms","timestamp":"2026-04-11 16:38:09"}
{"level":"info","message":"🚀 Server running on http://localhost:5000 in development mode","timestamp":"2026-04-11 16:38:41"}
{"level":"info","message":"POST /api/v1/auth/signup-admin 201 415 - 603.788 ms","timestamp":"2026-04-11 16:38:46"}
{"level":"info","message":"GET /api/v1/employees/me 404 31 - 12.857 ms","timestamp":"2026-04-11 16:38:46"}
{"level":"info","message":"GET /api/v1/employees 200 2 - 30.324 ms","timestamp":"2026-04-11 16:38:46"}
{"level":"info","message":"GET /api/v1/employees/69da2bbee233e8e5f1304e44 404 32 - 13.997 ms","timestamp":"2026-04-11 16:38:46"}
{"level":"info","message":"PATCH /api/v1/employees/69da2bbee233e8e5f1304e44 404 32 - 13.646 ms","timestamp":"2026-04-11 16:38:46"}
{"level":"info","message":"DELETE /api/v1/employees/69da2bbee233e8e5f1304e44 404 32 - 9.554 ms","timestamp":"2026-04-11 16:38:46"}
{"level":"info","message":"🚀 Server running on http://localhost:5000 in development mode","timestamp":"2026-04-11 16:39:34"}
{"level":"info","message":"POST /api/v1/auth/signup-admin 201 415 - 687.542 ms","timestamp":"2026-04-11 16:39:42"}
{"level":"info","message":"GET /api/v1/employees/me 404 31 - 12.106 ms","timestamp":"2026-04-11 16:39:42"}
{"level":"info","message":"GET /api/v1/employees 200 2 - 23.246 ms","timestamp":"2026-04-11 16:39:43"}
{"level":"info","message":"GET /api/v1/employees/69da2bf6ab22eefe143b6731 404 32 - 7.763 ms","timestamp":"2026-04-11 16:39:43"}
{"level":"info","message":"PATCH /api/v1/employees/69da2bf6ab22eefe143b6731 404 32 - 12.705 ms","timestamp":"2026-04-11 16:39:43"}
{"level":"info","message":"DELETE /api/v1/employees/69da2bf6ab22eefe143b6731 404 32 - 8.266 ms","timestamp":"2026-04-11 16:39:43"}
{"level":"info","message":"🚀 Server running on http://localhost:5000 in development mode","timestamp":"2026-04-11 16:40:17"}
{"level":"info","message":"POST /api/v1/auth/signup-admin 201 415 - 576.226 ms","timestamp":"2026-04-11 16:40:22"}
{"level":"info","message":"GET /api/v1/employees/me 200 295 - 16.560 ms","timestamp":"2026-04-11 16:40:22"}
{"level":"info","message":"POST /api/v1/auth/signup-admin 201 415 - 426.441 ms","timestamp":"2026-04-11 16:40:23"}
{"level":"info","message":"GET /api/v1/employees 200 712 - 21.509 ms","timestamp":"2026-04-11 16:40:23"}
{"level":"info","message":"POST /api/v1/auth/signup-admin 201 415 - 480.364 ms","timestamp":"2026-04-11 16:40:23"}
{"level":"info","message":"GET /api/v1/employees/69da2c1fab4cf106ed4d6657 200 336 - 11.186 ms","timestamp":"2026-04-11 16:40:23"}
{"level":"info","message":"POST /api/v1/auth/signup-admin 201 415 - 428.247 ms","timestamp":"2026-04-11 16:40:24"}
{"level":"info","message":"PATCH /api/v1/employees/69da2c20ab4cf106ed4d6662 200 338 - 15.351 ms","timestamp":"2026-04-11 16:40:24"}
{"level":"info","message":"POST /api/v1/auth/signup-admin 201 415 - 402.534 ms","timestamp":"2026-04-11 16:40:24"}
{"level":"info","message":"DELETE /api/v1/employees/69da2c20ab4cf106ed4d666d 200 30 - 11.929 ms","timestamp":"2026-04-11 16:40:24"}
{"level":"info","message":"🚀 Server running on http://localhost:5000 in development mode","timestamp":"2026-04-11 16:41:06"}
{"level":"info","message":"POST /api/v1/auth/signup-admin 201 415 - 732.123 ms","timestamp":"2026-04-11 16:41:17"}
{"level":"info","message":"GET /api/v1/employees/me 200 295 - 14.132 ms","timestamp":"2026-04-11 16:41:17"}
{"level":"info","message":"POST /api/v1/auth/signup-admin 201 415 - 570.537 ms","timestamp":"2026-04-11 16:41:17"}
{"level":"info","message":"GET /api/v1/employees 200 712 - 23.976 ms","timestamp":"2026-04-11 16:41:18"}
{"level":"info","message":"POST /api/v1/auth/signup-admin 201 418 - 786.059 ms","timestamp":"2026-04-11 16:41:18"}
{"level":"info","message":"POST /api/v1/attendance/check-in 200 426 - 23.380 ms","timestamp":"2026-04-11 16:41:18"}
{"level":"info","message":"POST /api/v1/auth/signup-admin 201 415 - 602.918 ms","timestamp":"2026-04-11 16:41:18"}
{"level":"info","message":"GET /api/v1/employees/69da2c569ec2b35a035f5de3 200 336 - 11.945 ms","timestamp":"2026-04-11 16:41:18"}
{"level":"info","message":"POST /api/v1/auth/signup-admin 201 418 - 811.288 ms","timestamp":"2026-04-11 16:41:19"}
{"level":"info","message":"POST /api/v1/attendance/check-in 200 426 - 33.420 ms","timestamp":"2026-04-11 16:41:19"}
{"level":"info","message":"GET /api/v1/attendance/status 200 426 - 15.851 ms","timestamp":"2026-04-11 16:41:19"}
{"level":"info","message":"POST /api/v1/auth/signup-admin 201 415 - 951.911 ms","timestamp":"2026-04-11 16:41:19"}
{"level":"info","message":"PATCH /api/v1/employees/69da2c579ec2b35a035f5dee 200 338 - 13.711 ms","timestamp":"2026-04-11 16:41:19"}
{"level":"info","message":"POST /api/v1/auth/signup-admin 201 418 - 643.115 ms","timestamp":"2026-04-11 16:41:20"}
{"level":"info","message":"POST /api/v1/attendance/check-in 200 426 - 13.855 ms","timestamp":"2026-04-11 16:41:20"}
{"level":"info","message":"POST /api/v1/attendance/toggle-break 400 90 - 6.461 ms","timestamp":"2026-04-11 16:41:20"}
{"level":"info","message":"POST /api/v1/auth/signup-admin 201 415 - 651.268 ms","timestamp":"2026-04-11 16:41:20"}
{"level":"info","message":"DELETE /api/v1/employees/69da2c589ec2b35a035f5df9 200 30 - 14.683 ms","timestamp":"2026-04-11 16:41:20"}
{"level":"info","message":"POST /api/v1/auth/signup-admin 201 418 - 1020.989 ms","timestamp":"2026-04-11 16:41:21"}
{"level":"info","message":"GET /api/v1/attendance/dashboard-metrics 200 88 - 65.021 ms","timestamp":"2026-04-11 16:41:21"}
{"level":"info","message":"🚀 Server running on http://localhost:5000 in development mode","timestamp":"2026-04-11 16:42:09"}
{"level":"info","message":"POST /api/v1/auth/signup-admin 201 415 - 1705.976 ms","timestamp":"2026-04-11 16:42:21"}
{"level":"info","message":"POST /api/v1/auth/signup-admin 201 418 - 1662.704 ms","timestamp":"2026-04-11 16:42:21"}
{"level":"info","message":"GET /api/v1/employees/me 200 295 - 17.167 ms","timestamp":"2026-04-11 16:42:21"}
{"level":"info","message":"POST /api/v1/attendance/check-in 200 426 - 39.390 ms","timestamp":"2026-04-11 16:42:21"}
{"level":"info","message":"POST /api/v1/auth/signup-admin 201 415 - 807.019 ms","timestamp":"2026-04-11 16:42:22"}
{"level":"info","message":"GET /api/v1/employees 200 712 - 27.021 ms","timestamp":"2026-04-11 16:42:22"}
{"level":"info","message":"POST /api/v1/auth/signup-admin 201 418 - 813.299 ms","timestamp":"2026-04-11 16:42:22"}
{"level":"info","message":"POST /api/v1/attendance/check-in 200 426 - 18.064 ms","timestamp":"2026-04-11 16:42:22"}
{"level":"info","message":"GET /api/v1/attendance/status 200 426 - 10.361 ms","timestamp":"2026-04-11 16:42:22"}
{"level":"info","message":"POST /api/v1/auth/signup-admin 201 413 - 1038.467 ms","timestamp":"2026-04-11 16:42:23"}
{"level":"info","message":"POST /api/v1/auth/signup-admin 201 415 - 711.225 ms","timestamp":"2026-04-11 16:42:23"}
{"level":"info","message":"GET /api/v1/employees/69da2c978ecf638710aa1631 200 336 - 20.367 ms","timestamp":"2026-04-11 16:42:23"}
{"level":"info","message":"POST /api/v1/auth/signup-admin 201 418 - 749.415 ms","timestamp":"2026-04-11 16:42:23"}
{"level":"info","message":"POST /api/v1/attendance/check-in 200 426 - 17.422 ms","timestamp":"2026-04-11 16:42:23"}
{"level":"info","message":"POST /api/v1/attendance/toggle-break 400 90 - 19.077 ms","timestamp":"2026-04-11 16:42:23"}
{"level":"info","message":"POST /api/v1/auth/login 200 413 - 832.731 ms","timestamp":"2026-04-11 16:42:23"}
{"level":"info","message":"POST /api/v1/auth/signup-admin 201 415 - 783.560 ms","timestamp":"2026-04-11 16:42:24"}
{"level":"info","message":"PATCH /api/v1/employees/69da2c988ecf638710aa163c 200 338 - 20.312 ms","timestamp":"2026-04-11 16:42:24"}
{"level":"info","message":"POST /api/v1/auth/signup-admin 201 418 - 711.442 ms","timestamp":"2026-04-11 16:42:24"}
{"level":"info","message":"GET /api/v1/attendance/dashboard-metrics 200 88 - 18.120 ms","timestamp":"2026-04-11 16:42:24"}
{"level":"info","message":"POST /api/v1/auth/login 401 33 - 692.963 ms","timestamp":"2026-04-11 16:42:24"}
{"level":"info","message":"POST /api/v1/auth/signup-admin 201 415 - 757.445 ms","timestamp":"2026-04-11 16:42:25"}
{"level":"info","message":"DELETE /api/v1/employees/69da2c998ecf638710aa1647 200 30 - 11.962 ms","timestamp":"2026-04-11 16:42:25"}
{"level":"info","message":"POST /api/v1/auth/signup-admin 201 416 - 874.079 ms","timestamp":"2026-04-11 16:42:25"}
{"level":"info","message":"POST /api/v1/leaves 201 392 - 55.522 ms","timestamp":"2026-04-11 16:42:25"}
{"level":"info","message":"POST /api/v1/auth/signup-admin 201 416 - 658.059 ms","timestamp":"2026-04-11 16:42:26"}
{"level":"info","message":"POST /api/v1/leaves 201 376 - 12.114 ms","timestamp":"2026-04-11 16:42:26"}
{"level":"info","message":"GET /api/v1/leaves 200 378 - 30.765 ms","timestamp":"2026-04-11 16:42:26"}
{"level":"info","message":"🚀 Server running on http://localhost:5000 in development mode","timestamp":"2026-04-11 16:42:58"}
{"level":"info","message":"🚀 Server running on http://localhost:5000 in development mode","timestamp":"2026-04-11 16:43:23"}
{"level":"info","message":"POST /api/v1/auth/signup-admin 201 416 - 2160.892 ms","timestamp":"2026-04-11 16:43:45"}
{"level":"info","message":"POST /api/v1/auth/signup-admin 201 415 - 2154.784 ms","timestamp":"2026-04-11 16:43:45"}
{"level":"info","message":"GET /api/v1/employees/me 200 295 - 22.029 ms","timestamp":"2026-04-11 16:43:45"}
{"level":"info","message":"POST /api/v1/leaves 201 392 - 60.290 ms","timestamp":"2026-04-11 16:43:45"}
{"level":"info","message":"POST /api/v1/auth/signup-admin 201 418 - 1883.868 ms","timestamp":"2026-04-11 16:43:45"}
{"level":"info","message":"POST /api/v1/attendance/check-in 200 426 - 101.441 ms","timestamp":"2026-04-11 16:43:45"}
{"level":"info","message":"POST /api/v1/auth/signup-admin 201 413 - 1938.070 ms","timestamp":"2026-04-11 16:43:46"}
{"level":"info","message":"POST /api/v1/auth/signup-admin 201 416 - 1903.738 ms","timestamp":"2026-04-11 16:43:47"}
{"level":"info","message":"POST /api/v1/auth/signup-admin 201 415 - 2021.003 ms","timestamp":"2026-04-11 16:43:47"}
{"level":"info","message":"POST /api/v1/leaves 201 376 - 80.132 ms","timestamp":"2026-04-11 16:43:47"}
{"level":"info","message":"GET /api/v1/leaves 200 378 - 87.313 ms","timestamp":"2026-04-11 16:43:47"}
{"level":"info","message":"GET /api/v1/employees 200 712 - 279.960 ms","timestamp":"2026-04-11 16:43:47"}
{"level":"info","message":"POST /api/v1/auth/signup-admin 201 418 - 2387.653 ms","timestamp":"2026-04-11 16:43:48"}
{"level":"info","message":"POST /api/v1/attendance/check-in 200 426 - 23.879 ms","timestamp":"2026-04-11 16:43:48"}
{"level":"info","message":"GET /api/v1/attendance/status 200 426 - 37.783 ms","timestamp":"2026-04-11 16:43:48"}
{"level":"info","message":"POST /api/v1/auth/login 200 413 - 2394.148 ms","timestamp":"2026-04-11 16:43:48"}
{"level":"info","message":"POST /api/v1/auth/signup-admin 201 415 - 1917.042 ms","timestamp":"2026-04-11 16:43:50"}
{"level":"info","message":"GET /api/v1/employees/69da2ceedfc81a4e4a6a23e2 200 336 - 16.251 ms","timestamp":"2026-04-11 16:43:50"}
{"level":"info","message":"POST /api/v1/auth/signup-admin 201 418 - 1878.039 ms","timestamp":"2026-04-11 16:43:50"}
{"level":"info","message":"POST /api/v1/attendance/check-in 200 426 - 14.255 ms","timestamp":"2026-04-11 16:43:50"}
{"level":"info","message":"POST /api/v1/attendance/toggle-break 400 90 - 9.629 ms","timestamp":"2026-04-11 16:43:50"}
{"level":"info","message":"POST /api/v1/auth/login 401 33 - 1863.050 ms","timestamp":"2026-04-11 16:43:50"}
{"level":"info","message":"POST /api/v1/auth/signup-admin 201 415 - 885.188 ms","timestamp":"2026-04-11 16:43:51"}
{"level":"info","message":"PATCH /api/v1/employees/69da2cefdfc81a4e4a6a23ed 200 338 - 27.200 ms","timestamp":"2026-04-11 16:43:51"}
{"level":"info","message":"POST /api/v1/auth/signup-admin 201 418 - 827.023 ms","timestamp":"2026-04-11 16:43:51"}
{"level":"info","message":"GET /api/v1/attendance/dashboard-metrics 200 88 - 109.039 ms","timestamp":"2026-04-11 16:43:51"}
{"level":"info","message":"POST /api/v1/auth/signup-admin 201 415 - 816.303 ms","timestamp":"2026-04-11 16:43:52"}
{"level":"info","message":"DELETE /api/v1/employees/69da2cf0dfc81a4e4a6a23f8 200 30 - 18.799 ms","timestamp":"2026-04-11 16:43:52"}
{"level":"info","message":"POST /api/v1/auth/signup-admin 201 414 - 907.298 ms","timestamp":"2026-04-11 16:43:53"}
{"level":"info","message":"POST /api/v1/tasks 201 396 - 17.782 ms","timestamp":"2026-04-11 16:43:53"}
{"level":"info","message":"POST /api/v1/auth/signup-admin 201 420 - 855.037 ms","timestamp":"2026-04-11 16:43:53"}
{"level":"info","message":"POST /api/v1/projects 201 299 - 9.069 ms","timestamp":"2026-04-11 16:43:53"}
{"level":"info","message":"POST /api/v1/auth/signup-admin 201 414 - 564.319 ms","timestamp":"2026-04-11 16:43:53"}
{"level":"info","message":"GET /api/v1/tasks/project/69da2cf1f38c24fcf0648d31 200 345 - 20.475 ms","timestamp":"2026-04-11 16:43:53"}
{"level":"info","message":"POST /api/v1/auth/signup-admin 201 420 - 561.090 ms","timestamp":"2026-04-11 16:43:53"}
{"level":"info","message":"GET /api/v1/projects 200 262 - 19.586 ms","timestamp":"2026-04-11 16:43:53"}
{"level":"info","message":"POST /api/v1/auth/signup-admin 201 414 - 632.080 ms","timestamp":"2026-04-11 16:43:54"}
{"level":"info","message":"POST /api/v1/auth/signup-admin 201 420 - 618.544 ms","timestamp":"2026-04-11 16:43:54"}
{"level":"info","message":"POST /api/v1/tasks/69da2cf2f38c24fcf0648d40/comments 200 487 - 98.196 ms","timestamp":"2026-04-11 16:43:54"}
{"level":"info","message":"PATCH /api/v1/projects/69da2cf2d3add903a1b56aa7 200 264 - 12.917 ms","timestamp":"2026-04-11 16:43:54"}
{"level":"info","message":"POST /api/v1/auth/signup-admin 201 414 - 532.653 ms","timestamp":"2026-04-11 16:43:55"}
{"level":"info","message":"POST /api/v1/tasks/69da2cf3f38c24fcf0648d4f/time 200 342 - 8.922 ms","timestamp":"2026-04-11 16:43:55"}
{"level":"info","message":"POST /api/v1/auth/signup-admin 201 413 - 480.745 ms","timestamp":"2026-04-11 16:44:15"}
{"level":"info","message":"POST /api/v1/auth/login 200 413 - 356.501 ms","timestamp":"2026-04-11 16:44:15"}
{"level":"info","message":"POST /api/v1/auth/login 401 33 - 365.629 ms","timestamp":"2026-04-11 16:44:16"}
{"level":"info","message":"POST /api/v1/auth/signup-admin 201 414 - 1332.603 ms","timestamp":"2026-04-11 16:44:39"}
{"level":"info","message":"POST /api/v1/auth/signup-admin 201 416 - 1339.037 ms","timestamp":"2026-04-11 16:44:39"}
{"level":"info","message":"POST /api/v1/tasks 201 396 - 27.047 ms","timestamp":"2026-04-11 16:44:39"}
{"level":"info","message":"POST /api/v1/leaves 201 392 - 36.532 ms","timestamp":"2026-04-11 16:44:39"}
{"level":"info","message":"POST /api/v1/auth/signup-admin 201 418 - 1270.574 ms","timestamp":"2026-04-11 16:44:39"}
{"level":"info","message":"POST /api/v1/auth/signup-admin 201 420 - 1384.570 ms","timestamp":"2026-04-11 16:44:39"}
{"level":"info","message":"POST /api/v1/attendance/check-in 200 426 - 49.611 ms","timestamp":"2026-04-11 16:44:39"}
{"level":"info","message":"POST /api/v1/projects 201 299 - 18.933 ms","timestamp":"2026-04-11 16:44:39"}
{"level":"info","message":"POST /api/v1/auth/signup-admin 201 415 - 1303.228 ms","timestamp":"2026-04-11 16:44:39"}
{"level":"info","message":"GET /api/v1/employees/me 200 295 - 26.750 ms","timestamp":"2026-04-11 16:44:39"}
{"level":"info","message":"POST /api/v1/auth/signup-admin 201 414 - 902.875 ms","timestamp":"2026-04-11 16:44:40"}
{"level":"info","message":"GET /api/v1/tasks/project/69da2d202630340396df2fed 200 345 - 26.303 ms","timestamp":"2026-04-11 16:44:40"}
{"level":"info","message":"POST /api/v1/auth/signup-admin 201 416 - 957.185 ms","timestamp":"2026-04-11 16:44:40"}
{"level":"info","message":"POST /api/v1/leaves 201 376 - 24.631 ms","timestamp":"2026-04-11 16:44:40"}
{"level":"info","message":"GET /api/v1/leaves 200 378 - 12.800 ms","timestamp":"2026-04-11 16:44:40"}
{"level":"info","message":"POST /api/v1/auth/signup-admin 201 420 - 871.399 ms","timestamp":"2026-04-11 16:44:40"}
{"level":"info","message":"POST /api/v1/auth/signup-admin 201 418 - 979.752 ms","timestamp":"2026-04-11 16:44:40"}
{"level":"info","message":"GET /api/v1/projects 200 262 - 34.984 ms","timestamp":"2026-04-11 16:44:40"}
{"level":"info","message":"POST /api/v1/attendance/check-in 200 426 - 21.248 ms","timestamp":"2026-04-11 16:44:40"}
{"level":"info","message":"GET /api/v1/attendance/status 200 426 - 25.341 ms","timestamp":"2026-04-11 16:44:41"}
{"level":"info","message":"POST /api/v1/auth/signup-admin 201 415 - 948.599 ms","timestamp":"2026-04-11 16:44:41"}
{"level":"info","message":"GET /api/v1/employees 200 712 - 28.758 ms","timestamp":"2026-04-11 16:44:41"}
{"level":"info","message":"POST /api/v1/auth/signup-admin 201 414 - 841.485 ms","timestamp":"2026-04-11 16:44:41"}
{"level":"info","message":"POST /api/v1/tasks/69da2d212630340396df2ffc/comments 200 487 - 23.563 ms","timestamp":"2026-04-11 16:44:41"}
{"level":"info","message":"POST /api/v1/auth/signup-admin 201 420 - 794.359 ms","timestamp":"2026-04-11 16:44:41"}
{"level":"info","message":"PATCH /api/v1/projects/69da2d21e8cefcba394468a6 200 264 - 16.373 ms","timestamp":"2026-04-11 16:44:41"}
{"level":"info","message":"POST /api/v1/auth/signup-admin 201 418 - 755.923 ms","timestamp":"2026-04-11 16:44:41"}
{"level":"info","message":"POST /api/v1/attendance/check-in 200 426 - 17.782 ms","timestamp":"2026-04-11 16:44:41"}
{"level":"info","message":"POST /api/v1/auth/signup-admin 201 415 - 747.931 ms","timestamp":"2026-04-11 16:44:41"}
{"level":"info","message":"POST /api/v1/attendance/toggle-break 400 90 - 11.446 ms","timestamp":"2026-04-11 16:44:41"}
{"level":"info","message":"GET /api/v1/employees/69da2d21ce334831da9c5622 200 336 - 12.894 ms","timestamp":"2026-04-11 16:44:41"}
{"level":"info","message":"POST /api/v1/auth/signup-admin 201 414 - 1142.634 ms","timestamp":"2026-04-11 16:44:42"}
{"level":"info","message":"POST /api/v1/tasks/69da2d222630340396df300b/time 200 342 - 12.787 ms","timestamp":"2026-04-11 16:44:42"}
{"level":"info","message":"POST /api/v1/auth/signup-admin 201 418 - 1091.460 ms","timestamp":"2026-04-11 16:44:43"}
{"level":"info","message":"POST /api/v1/auth/signup-admin 201 415 - 1073.405 ms","timestamp":"2026-04-11 16:44:43"}
{"level":"info","message":"GET /api/v1/attendance/dashboard-metrics 200 88 - 25.044 ms","timestamp":"2026-04-11 16:44:43"}
{"level":"info","message":"PATCH /api/v1/employees/69da2d23ce334831da9c562d 200 338 - 20.801 ms","timestamp":"2026-04-11 16:44:43"}
{"level":"info","message":"POST /api/v1/auth/signup-admin 201 415 - 569.564 ms","timestamp":"2026-04-11 16:44:43"}
{"level":"info","message":"DELETE /api/v1/employees/69da2d23ce334831da9c5638 200 30 - 10.696 ms","timestamp":"2026-04-11 16:44:43"}
{"level":"info","message":"🚀 Server running on http://localhost:5000 in development mode","timestamp":"2026-04-11 16:45:32"}
{"level":"info","message":"🚀 Server running on http://localhost:5000 in development mode","timestamp":"2026-04-11 16:46:07"}
{"level":"info","message":"POST /api/v1/auth/signup-admin 201 415 - 2103.587 ms","timestamp":"2026-04-11 16:46:23"}
{"level":"info","message":"POST /api/v1/auth/signup-admin 201 420 - 2143.695 ms","timestamp":"2026-04-11 16:46:23"}
{"level":"info","message":"GET /api/v1/employees/me 200 295 - 30.211 ms","timestamp":"2026-04-11 16:46:23"}
{"level":"info","message":"POST /api/v1/auth/signup-admin 201 416 - 2159.739 ms","timestamp":"2026-04-11 16:46:23"}
{"level":"info","message":"POST /api/v1/projects 201 299 - 19.879 ms","timestamp":"2026-04-11 16:46:23"}
{"level":"info","message":"POST /api/v1/leaves 201 392 - 69.744 ms","timestamp":"2026-04-11 16:46:23"}
{"level":"info","message":"POST /api/v1/auth/signup-admin 201 418 - 1442.526 ms","timestamp":"2026-04-11 16:46:23"}
{"level":"info","message":"POST /api/v1/auth/signup-admin 201 414 - 1914.716 ms","timestamp":"2026-04-11 16:46:23"}
{"level":"info","message":"POST /api/v1/attendance/check-in 200 426 - 49.201 ms","timestamp":"2026-04-11 16:46:23"}
{"level":"info","message":"POST /api/v1/tasks 201 396 - 42.544 ms","timestamp":"2026-04-11 16:46:23"}
{"level":"info","message":"POST /api/v1/auth/signup-admin 201 420 - 1286.675 ms","timestamp":"2026-04-11 16:46:24"}
{"level":"info","message":"POST /api/v1/auth/signup-admin 201 415 - 1411.898 ms","timestamp":"2026-04-11 16:46:24"}
{"level":"info","message":"GET /api/v1/projects 200 262 - 37.546 ms","timestamp":"2026-04-11 16:46:24"}
{"level":"info","message":"GET /api/v1/employees 200 712 - 34.375 ms","timestamp":"2026-04-11 16:46:24"}
{"level":"info","message":"POST /api/v1/auth/signup-admin 201 416 - 1348.728 ms","timestamp":"2026-04-11 16:46:24"}
{"level":"info","message":"POST /api/v1/leaves 201 376 - 66.153 ms","timestamp":"2026-04-11 16:46:24"}
{"level":"info","message":"GET /api/v1/leaves 200 378 - 19.891 ms","timestamp":"2026-04-11 16:46:24"}
{"level":"info","message":"POST /api/v1/auth/signup-admin 201 414 - 1186.724 ms","timestamp":"2026-04-11 16:46:25"}
{"level":"info","message":"GET /api/v1/tasks/project/69da2d89f42fcb435b2f778f 200 345 - 30.778 ms","timestamp":"2026-04-11 16:46:25"}
{"level":"info","message":"POST /api/v1/auth/signup-admin 201 418 - 1352.632 ms","timestamp":"2026-04-11 16:46:25"}
{"level":"info","message":"POST /api/v1/attendance/check-in 200 426 - 17.010 ms","timestamp":"2026-04-11 16:46:25"}
{"level":"info","message":"GET /api/v1/attendance/status 200 426 - 17.700 ms","timestamp":"2026-04-11 16:46:25"}
{"level":"info","message":"POST /api/v1/auth/signup-admin 201 415 - 1185.891 ms","timestamp":"2026-04-11 16:46:26"}
{"level":"info","message":"POST /api/v1/auth/signup-admin 201 420 - 1207.232 ms","timestamp":"2026-04-11 16:46:26"}
{"level":"info","message":"GET /api/v1/employees/69da2d8a71cbd7709e596645 200 336 - 16.644 ms","timestamp":"2026-04-11 16:46:26"}
{"level":"info","message":"PATCH /api/v1/projects/69da2d8a048c6562e9a8ce84 200 264 - 21.446 ms","timestamp":"2026-04-11 16:46:26"}
{"level":"info","message":"POST /api/v1/auth/signup-admin 201 418 - 1179.529 ms","timestamp":"2026-04-11 16:46:26"}
{"level":"info","message":"POST /api/v1/auth/signup-admin 201 414 - 1261.656 ms","timestamp":"2026-04-11 16:46:26"}
{"level":"info","message":"POST /api/v1/attendance/check-in 200 426 - 19.625 ms","timestamp":"2026-04-11 16:46:26"}
{"level":"info","message":"POST /api/v1/attendance/toggle-break 400 90 - 8.839 ms","timestamp":"2026-04-11 16:46:26"}
{"level":"info","message":"POST /api/v1/tasks/69da2d8af42fcb435b2f779e/comments 200 487 - 27.008 ms","timestamp":"2026-04-11 16:46:26"}
{"level":"info","message":"POST /api/v1/auth/signup-admin 201 415 - 993.756 ms","timestamp":"2026-04-11 16:46:27"}
{"level":"info","message":"PATCH /api/v1/employees/69da2d8b71cbd7709e596650 200 338 - 47.994 ms","timestamp":"2026-04-11 16:46:27"}
{"level":"info","message":"POST /api/v1/auth/signup-admin 201 418 - 1471.920 ms","timestamp":"2026-04-11 16:46:28"}
{"level":"info","message":"GET /api/v1/attendance/dashboard-metrics 200 88 - 53.785 ms","timestamp":"2026-04-11 16:46:28"}
{"level":"info","message":"POST /api/v1/auth/signup-admin 201 414 - 1696.131 ms","timestamp":"2026-04-11 16:46:28"}
{"level":"info","message":"POST /api/v1/tasks/69da2d8cf42fcb435b2f77ad/time 200 342 - 15.389 ms","timestamp":"2026-04-11 16:46:28"}
{"level":"info","message":"POST /api/v1/auth/signup-admin 201 415 - 1635.824 ms","timestamp":"2026-04-11 16:46:29"}
{"level":"info","message":"DELETE /api/v1/employees/69da2d8d71cbd7709e59665b 200 30 - 56.049 ms","timestamp":"2026-04-11 16:46:29"}
{"level":"info","message":"POST /api/v1/auth/signup-admin 201 413 - 1365.346 ms","timestamp":"2026-04-11 16:46:29"}
{"level":"info","message":"POST /api/v1/auth/signup-admin 201 416 - 1402.577 ms","timestamp":"2026-04-11 16:46:29"}
{"level":"info","message":"POST /api/v1/auth/signup-admin 201 422 - 1400.368 ms","timestamp":"2026-04-11 16:46:29"}
{"level":"info","message":"GET /api/v1/timesheets 200 321 - 27.183 ms","timestamp":"2026-04-11 16:46:30"}
{"level":"info","message":"POST /api/v1/workflows/flows 201 317 - 31.046 ms","timestamp":"2026-04-11 16:46:30"}
{"level":"info","message":"POST /api/v1/auth/login 200 413 - 685.702 ms","timestamp":"2026-04-11 16:46:30"}
{"level":"info","message":"POST /api/v1/auth/signup-admin 201 422 - 664.299 ms","timestamp":"2026-04-11 16:46:30"}
{"level":"info","message":"POST /api/v1/auth/signup-admin 201 416 - 699.923 ms","timestamp":"2026-04-11 16:46:30"}
{"level":"info","message":"GET /api/v1/timesheets 200 321 - 12.941 ms","timestamp":"2026-04-11 16:46:30"}
{"level":"info","message":"PATCH /api/v1/timesheets/69da2d8e3e9406d52fd83d52/entries 200 566 - 26.193 ms","timestamp":"2026-04-11 16:46:30"}
{"level":"info","message":"POST /api/v1/workflows/action/69da2d8e500dfe0ba9b3bdae 200 737 - 193.711 ms","timestamp":"2026-04-11 16:46:31"}
{"level":"info","message":"POST /api/v1/auth/login 401 33 - 716.025 ms","timestamp":"2026-04-11 16:46:31"}
{"level":"info","message":"POST /api/v1/auth/signup-admin 201 416 - 723.900 ms","timestamp":"2026-04-11 16:46:31"}
{"level":"info","message":"GET /api/v1/timesheets 200 321 - 18.263 ms","timestamp":"2026-04-11 16:46:31"}
{"level":"info","message":"POST /api/v1/timesheets/69da2d8f3e9406d52fd83d61/submit 200 372 - 19.709 ms","timestamp":"2026-04-11 16:46:31"}
{"level":"info","message":"🚀 Server running on http://localhost:5000 in development mode","timestamp":"2026-04-11 16:47:09"}
{"level":"info","message":"🚀 Server running on http://localhost:5000 in development mode","timestamp":"2026-04-11 16:47:39"}
{"level":"info","message":"POST /api/v1/auth/signup-admin 201 416 - 1908.501 ms","timestamp":"2026-04-11 16:48:02"}
{"level":"info","message":"GET /api/v1/timesheets 200 321 - 32.418 ms","timestamp":"2026-04-11 16:48:02"}
{"level":"info","message":"POST /api/v1/auth/signup-admin 201 418 - 2113.849 ms","timestamp":"2026-04-11 16:48:02"}
{"level":"info","message":"POST /api/v1/auth/signup-admin 201 422 - 2103.101 ms","timestamp":"2026-04-11 16:48:02"}
{"level":"info","message":"POST /api/v1/attendance/check-in 200 426 - 48.783 ms","timestamp":"2026-04-11 16:48:02"}
{"level":"info","message":"POST /api/v1/workflows/flows 201 317 - 42.527 ms","timestamp":"2026-04-11 16:48:03"}
{"level":"info","message":"POST /api/v1/auth/signup-admin 201 415 - 1980.815 ms","timestamp":"2026-04-11 16:48:03"}
{"level":"info","message":"GET /api/v1/employees/me 200 295 - 43.654 ms","timestamp":"2026-04-11 16:48:03"}
{"level":"info","message":"POST /api/v1/auth/signup-admin 201 414 - 1781.475 ms","timestamp":"2026-04-11 16:48:03"}
{"level":"info","message":"POST /api/v1/tasks 201 396 - 26.043 ms","timestamp":"2026-04-11 16:48:03"}
{"level":"info","message":"POST /api/v1/auth/signup-admin 201 416 - 1291.762 ms","timestamp":"2026-04-11 16:48:04"}
{"level":"info","message":"GET /api/v1/timesheets 200 321 - 18.767 ms","timestamp":"2026-04-11 16:48:04"}
{"level":"info","message":"POST /api/v1/auth/signup-admin 201 418 - 1253.784 ms","timestamp":"2026-04-11 16:48:04"}
{"level":"info","message":"PATCH /api/v1/timesheets/69da2dec73b4f14ab2c1a38d/entries 200 566 - 49.460 ms","timestamp":"2026-04-11 16:48:04"}
{"level":"info","message":"POST /api/v1/attendance/check-in 200 426 - 22.589 ms","timestamp":"2026-04-11 16:48:04"}
{"level":"info","message":"GET /api/v1/attendance/status 200 426 - 14.951 ms","timestamp":"2026-04-11 16:48:04"}
{"level":"info","message":"POST /api/v1/auth/signup-admin 201 422 - 1339.845 ms","timestamp":"2026-04-11 16:48:04"}
{"level":"info","message":"POST /api/v1/auth/signup-admin 201 415 - 1354.441 ms","timestamp":"2026-04-11 16:48:04"}
{"level":"info","message":"GET /api/v1/employees 200 712 - 33.148 ms","timestamp":"2026-04-11 16:48:04"}
{"level":"info","message":"POST /api/v1/workflows/action/69da2deca7a3c1306ce31b1b 200 737 - 222.518 ms","timestamp":"2026-04-11 16:48:04"}
{"level":"info","message":"POST /api/v1/auth/signup-admin 201 414 - 1513.755 ms","timestamp":"2026-04-11 16:48:05"}
{"level":"info","message":"GET /api/v1/tasks/project/69da2ded73b0db77e089332a 200 345 - 42.870 ms","timestamp":"2026-04-11 16:48:05"}
{"level":"info","message":"POST /api/v1/auth/signup-admin 201 416 - 1418.216 ms","timestamp":"2026-04-11 16:48:05"}
{"level":"info","message":"POST /api/v1/auth/signup-admin 201 418 - 1395.010 ms","timestamp":"2026-04-11 16:48:05"}
{"level":"info","message":"GET /api/v1/timesheets 200 321 - 26.427 ms","timestamp":"2026-04-11 16:48:05"}
{"level":"info","message":"POST /api/v1/attendance/check-in 200 426 - 34.375 ms","timestamp":"2026-04-11 16:48:05"}
{"level":"info","message":"POST /api/v1/attendance/toggle-break 400 90 - 11.150 ms","timestamp":"2026-04-11 16:48:05"}
{"level":"info","message":"POST /api/v1/timesheets/69da2ded73b4f14ab2c1a39c/submit 200 372 - 42.612 ms","timestamp":"2026-04-11 16:48:05"}
{"level":"info","message":"POST /api/v1/auth/signup-admin 201 415 - 1609.736 ms","timestamp":"2026-04-11 16:48:06"}
{"level":"info","message":"GET /api/v1/employees/69da2deef31221a7d488c24c 200 336 - 14.689 ms","timestamp":"2026-04-11 16:48:06"}
{"level":"info","message":"POST /api/v1/auth/signup-admin 201 414 - 1661.685 ms","timestamp":"2026-04-11 16:48:07"}
{"level":"info","message":"POST /api/v1/tasks/69da2def73b0db77e0893339/comments 200 487 - 140.283 ms","timestamp":"2026-04-11 16:48:07"}
{"level":"info","message":"POST /api/v1/auth/signup-admin 201 418 - 1503.831 ms","timestamp":"2026-04-11 16:48:07"}
{"level":"info","message":"GET /api/v1/attendance/dashboard-metrics 200 88 - 51.283 ms","timestamp":"2026-04-11 16:48:07"}
{"level":"info","message":"POST /api/v1/auth/signup-admin 201 415 - 2064.197 ms","timestamp":"2026-04-11 16:48:08"}
{"level":"info","message":"PATCH /api/v1/employees/69da2df0f31221a7d488c257 200 338 - 88.028 ms","timestamp":"2026-04-11 16:48:08"}
{"level":"info","message":"POST /api/v1/auth/signup-admin 201 414 - 1951.787 ms","timestamp":"2026-04-11 16:48:09"}
{"level":"info","message":"POST /api/v1/tasks/69da2df173b0db77e0893348/time 200 342 - 16.746 ms","timestamp":"2026-04-11 16:48:09"}
{"level":"info","message":"POST /api/v1/auth/signup-admin 201 415 - 1285.624 ms","timestamp":"2026-04-11 16:48:10"}
{"level":"info","message":"DELETE /api/v1/employees/69da2df2f31221a7d488c262 200 30 - 15.504 ms","timestamp":"2026-04-11 16:48:10"}
{"level":"info","message":"POST /api/v1/auth/signup-admin 201 418 - 2038.104 ms","timestamp":"2026-04-11 16:48:10"}
{"level":"info","message":"GET /api/v1/notifications 200 282 - 48.565 ms","timestamp":"2026-04-11 16:48:10"}
{"level":"info","message":"POST /api/v1/auth/signup-admin 201 422 - 1919.805 ms","timestamp":"2026-04-11 16:48:10"}
{"level":"info","message":"POST /api/v1/auth/signup-admin 201 420 - 1451.972 ms","timestamp":"2026-04-11 16:48:10"}
{"level":"info","message":"POST /api/v1/projects 201 299 - 19.203 ms","timestamp":"2026-04-11 16:48:10"}
{"level":"info","message":"GET /api/v1/analytics/attendance 200 122 - 483.317 ms","timestamp":"2026-04-11 16:48:11"}
{"level":"info","message":"POST /api/v1/auth/signup-admin 201 418 - 848.239 ms","timestamp":"2026-04-11 16:48:11"}
{"level":"info","message":"PATCH /api/v1/notifications/read/69da2df3c3d89e947e24ad4d 200 41 - 20.936 ms","timestamp":"2026-04-11 16:48:11"}
{"level":"info","message":"POST /api/v1/auth/signup-admin 201 420 - 893.564 ms","timestamp":"2026-04-11 16:48:11"}
{"level":"info","message":"GET /api/v1/projects 200 262 - 14.840 ms","timestamp":"2026-04-11 16:48:11"}
{"level":"info","message":"POST /api/v1/auth/signup-admin 201 422 - 944.805 ms","timestamp":"2026-04-11 16:48:12"}
{"level":"info","message":"GET /api/v1/analytics/productivity 200 87 - 41.166 ms","timestamp":"2026-04-11 16:48:12"}
{"level":"info","message":"POST /api/v1/auth/signup-admin 201 416 - 1187.081 ms","timestamp":"2026-04-11 16:48:12"}
{"level":"info","message":"POST /api/v1/leaves 201 392 - 24.518 ms","timestamp":"2026-04-11 16:48:12"}
{"level":"info","message":"POST /api/v1/auth/signup-admin 201 418 - 925.140 ms","timestamp":"2026-04-11 16:48:12"}
{"level":"info","message":"PATCH /api/v1/notifications/read-all 200 46 - 10.162 ms","timestamp":"2026-04-11 16:48:12"}
{"level":"info","message":"POST /api/v1/auth/signup-admin 201 413 - 1088.831 ms","timestamp":"2026-04-11 16:48:12"}
{"level":"info","message":"POST /api/v1/auth/signup-admin 201 420 - 845.673 ms","timestamp":"2026-04-11 16:48:12"}
{"level":"info","message":"PATCH /api/v1/projects/69da2df4c469a62ce44e4666 200 264 - 9.967 ms","timestamp":"2026-04-11 16:48:12"}
{"level":"info","message":"POST /api/v1/auth/signup-admin 201 422 - 789.745 ms","timestamp":"2026-04-11 16:48:13"}
{"level":"info","message":"GET /api/v1/analytics/projects 200 164 - 13.168 ms","timestamp":"2026-04-11 16:48:13"}
{"level":"info","message":"POST /api/v1/auth/signup-admin 201 416 - 777.188 ms","timestamp":"2026-04-11 16:48:13"}
{"level":"info","message":"POST /api/v1/leaves 201 376 - 15.623 ms","timestamp":"2026-04-11 16:48:13"}
{"level":"info","message":"GET /api/v1/leaves 200 378 - 9.067 ms","timestamp":"2026-04-11 16:48:13"}
{"level":"info","message":"POST /api/v1/auth/login 200 413 - 696.632 ms","timestamp":"2026-04-11 16:48:13"}
{"level":"info","message":"POST /api/v1/auth/signup-admin 201 422 - 655.902 ms","timestamp":"2026-04-11 16:48:13"}
{"level":"info","message":"GET /api/v1/analytics/insights 200 2 - 13.890 ms","timestamp":"2026-04-11 16:48:13"}
{"level":"info","message":"POST /api/v1/auth/login 401 33 - 731.102 ms","timestamp":"2026-04-11 16:48:14"}
{"level":"info","message":"POST /api/v1/auth/signup-admin 201 422 - 869.464 ms","timestamp":"2026-04-11 16:48:42"}
{"level":"info","message":"POST /api/v1/auth/signup-admin 201 422 - 889.857 ms","timestamp":"2026-04-11 16:48:42"}
{"level":"info","message":"POST /api/v1/auth/signup-admin 201 416 - 909.891 ms","timestamp":"2026-04-11 16:48:42"}
{"level":"info","message":"POST /api/v1/auth/signup-admin 201 418 - 945.222 ms","timestamp":"2026-04-11 16:48:42"}
{"level":"info","message":"POST /api/v1/workflows/flows 201 317 - 70.266 ms","timestamp":"2026-04-11 16:48:43"}
{"level":"info","message":"GET /api/v1/notifications 200 282 - 36.138 ms","timestamp":"2026-04-11 16:48:43"}
{"level":"info","message":"GET /api/v1/timesheets 200 321 - 55.951 ms","timestamp":"2026-04-11 16:48:43"}
{"level":"info","message":"GET /api/v1/analytics/attendance 200 122 - 494.362 ms","timestamp":"2026-04-11 16:48:43"}
{"level":"info","message":"POST /api/v1/auth/signup-admin 201 416 - 709.099 ms","timestamp":"2026-04-11 16:48:43"}
{"level":"info","message":"POST /api/v1/auth/signup-admin 201 418 - 743.993 ms","timestamp":"2026-04-11 16:48:43"}
{"level":"info","message":"GET /api/v1/timesheets 200 321 - 14.093 ms","timestamp":"2026-04-11 16:48:43"}
{"level":"info","message":"POST /api/v1/auth/signup-admin 201 422 - 749.672 ms","timestamp":"2026-04-11 16:48:43"}
{"level":"info","message":"PATCH /api/v1/notifications/read/69da2e1322f7a4dfcc72b3d3 200 41 - 22.090 ms","timestamp":"2026-04-11 16:48:43"}
{"level":"info","message":"PATCH /api/v1/timesheets/69da2e131c50f5d29e2202a8/entries 200 566 - 24.585 ms","timestamp":"2026-04-11 16:48:43"}
{"level":"info","message":"POST /api/v1/workflows/action/69da2e132fae4af895f640bf 200 737 - 181.941 ms","timestamp":"2026-04-11 16:48:44"}
{"level":"info","message":"POST /api/v1/auth/signup-admin 201 422 - 779.892 ms","timestamp":"2026-04-11 16:48:44"}
{"level":"info","message":"GET /api/v1/analytics/productivity 200 87 - 13.829 ms","timestamp":"2026-04-11 16:48:44"}
{"level":"info","message":"POST /api/v1/auth/signup-admin 201 416 - 735.952 ms","timestamp":"2026-04-11 16:48:44"}
{"level":"info","message":"POST /api/v1/auth/signup-admin 201 418 - 753.651 ms","timestamp":"2026-04-11 16:48:44"}
{"level":"info","message":"GET /api/v1/timesheets 200 321 - 12.691 ms","timestamp":"2026-04-11 16:48:44"}
{"level":"info","message":"PATCH /api/v1/notifications/read-all 200 46 - 8.153 ms","timestamp":"2026-04-11 16:48:44"}
{"level":"info","message":"POST /api/v1/timesheets/69da2e141c50f5d29e2202b7/submit 200 372 - 25.699 ms","timestamp":"2026-04-11 16:48:44"}
{"level":"info","message":"POST /api/v1/auth/signup-admin 201 422 - 656.509 ms","timestamp":"2026-04-11 16:48:45"}
{"level":"info","message":"GET /api/v1/analytics/projects 200 164 - 9.720 ms","timestamp":"2026-04-11 16:48:45"}
{"level":"info","message":"POST /api/v1/auth/signup-admin 201 422 - 477.946 ms","timestamp":"2026-04-11 16:48:45"}
{"level":"info","message":"GET /api/v1/analytics/insights 200 2 - 10.208 ms","timestamp":"2026-04-11 16:48:45"}
{"level":"info","message":"POST /api/v1/auth/signup-admin 201 422 - 484.075 ms","timestamp":"2026-04-11 16:48:59"}
{"level":"info","message":"POST /api/v1/workflows/flows 201 317 - 11.608 ms","timestamp":"2026-04-11 16:48:59"}
{"level":"info","message":"POST /api/v1/auth/signup-admin 201 422 - 406.858 ms","timestamp":"2026-04-11 16:49:00"}
{"level":"info","message":"POST /api/v1/workflows/action/69da2e2405964f4f4d7eadf8 200 737 - 66.626 ms","timestamp":"2026-04-11 16:49:00"}
{"level":"info","message":"POST /api/v1/auth/signup-admin 201 422 - 475.272 ms","timestamp":"2026-04-11 16:49:15"}
{"level":"info","message":"GET /api/v1/analytics/attendance 200 122 - 368.485 ms","timestamp":"2026-04-11 16:49:15"}
{"level":"info","message":"POST /api/v1/auth/signup-admin 201 422 - 403.754 ms","timestamp":"2026-04-11 16:49:16"}
{"level":"info","message":"GET /api/v1/analytics/productivity 200 87 - 10.152 ms","timestamp":"2026-04-11 16:49:16"}
{"level":"info","message":"POST /api/v1/auth/signup-admin 201 422 - 420.609 ms","timestamp":"2026-04-11 16:49:16"}
{"level":"info","message":"GET /api/v1/analytics/projects 200 164 - 8.576 ms","timestamp":"2026-04-11 16:49:16"}
{"level":"info","message":"POST /api/v1/auth/signup-admin 201 422 - 449.799 ms","timestamp":"2026-04-11 16:49:17"}
{"level":"info","message":"GET /api/v1/analytics/insights 200 2 - 9.804 ms","timestamp":"2026-04-11 16:49:17"}
{"level":"info","message":"POST /api/v1/auth/signup-admin 201 418 - 1701.119 ms","timestamp":"2026-04-11 16:49:53"}
{"level":"info","message":"GET /api/v1/notifications 200 282 - 16.849 ms","timestamp":"2026-04-11 16:49:53"}
{"level":"info","message":"POST /api/v1/auth/signup-admin 201 416 - 1854.259 ms","timestamp":"2026-04-11 16:49:53"}
{"level":"info","message":"GET /api/v1/timesheets 200 321 - 58.848 ms","timestamp":"2026-04-11 16:49:53"}
{"level":"info","message":"POST /api/v1/auth/signup-admin 201 414 - 2020.109 ms","timestamp":"2026-04-11 16:49:53"}
{"level":"info","message":"POST /api/v1/tasks 201 396 - 26.153 ms","timestamp":"2026-04-11 16:49:53"}
{"level":"info","message":"POST /api/v1/auth/signup-admin 201 420 - 1756.758 ms","timestamp":"2026-04-11 16:49:53"}
{"level":"info","message":"POST /api/v1/projects 201 299 - 21.539 ms","timestamp":"2026-04-11 16:49:54"}
{"level":"info","message":"POST /api/v1/auth/signup-admin 201 418 - 1779.549 ms","timestamp":"2026-04-11 16:49:54"}
{"level":"info","message":"POST /api/v1/attendance/check-in 200 426 - 32.216 ms","timestamp":"2026-04-11 16:49:54"}
{"level":"info","message":"POST /api/v1/auth/signup-admin 201 415 - 1863.242 ms","timestamp":"2026-04-11 16:49:54"}
{"level":"info","message":"POST /api/v1/auth/signup-admin 201 422 - 1858.361 ms","timestamp":"2026-04-11 16:49:54"}
{"level":"info","message":"GET /api/v1/employees/me 200 295 - 16.684 ms","timestamp":"2026-04-11 16:49:54"}
{"level":"info","message":"POST /api/v1/auth/signup-admin 201 418 - 1202.721 ms","timestamp":"2026-04-11 16:49:54"}
{"level":"info","message":"PATCH /api/v1/notifications/read/69da2e5a0de4bc79faae7667 200 41 - 15.986 ms","timestamp":"2026-04-11 16:49:54"}
{"level":"info","message":"GET /api/v1/analytics/attendance 200 122 - 499.119 ms","timestamp":"2026-04-11 16:49:54"}
{"level":"info","message":"POST /api/v1/auth/signup-admin 201 416 - 1077.025 ms","timestamp":"2026-04-11 16:49:54"}
{"level":"info","message":"GET /api/v1/timesheets 200 321 - 20.125 ms","timestamp":"2026-04-11 16:49:54"}
{"level":"info","message":"PATCH /api/v1/timesheets/69da2e5aa30ee22a1b58ec8c/entries 200 566 - 28.633 ms","timestamp":"2026-04-11 16:49:54"}
{"level":"info","message":"POST /api/v1/auth/signup-admin 201 420 - 895.424 ms","timestamp":"2026-04-11 16:49:54"}
{"level":"info","message":"POST /api/v1/auth/signup-admin 201 414 - 1027.589 ms","timestamp":"2026-04-11 16:49:55"}
{"level":"info","message":"GET /api/v1/projects 200 262 - 39.353 ms","timestamp":"2026-04-11 16:49:55"}
{"level":"info","message":"GET /api/v1/tasks/project/69da2e5bc526ce539c9c6048 200 345 - 34.944 ms","timestamp":"2026-04-11 16:49:55"}
{"level":"info","message":"POST /api/v1/auth/signup-admin 201 418 - 1071.136 ms","timestamp":"2026-04-11 16:49:55"}
{"level":"info","message":"POST /api/v1/attendance/check-in 200 426 - 32.323 ms","timestamp":"2026-04-11 16:49:55"}
{"level":"info","message":"GET /api/v1/attendance/status 200 426 - 23.981 ms","timestamp":"2026-04-11 16:49:55"}
{"level":"info","message":"POST /api/v1/auth/signup-admin 201 415 - 1178.875 ms","timestamp":"2026-04-11 16:49:55"}
{"level":"info","message":"GET /api/v1/employees 200 712 - 60.676 ms","timestamp":"2026-04-11 16:49:55"}
{"level":"info","message":"POST /api/v1/auth/signup-admin 201 418 - 1407.566 ms","timestamp":"2026-04-11 16:49:56"}
{"level":"info","message":"PATCH /api/v1/notifications/read-all 200 46 - 9.012 ms","timestamp":"2026-04-11 16:49:56"}
{"level":"info","message":"POST /api/v1/auth/signup-admin 201 422 - 1462.919 ms","timestamp":"2026-04-11 16:49:56"}
{"level":"info","message":"GET /api/v1/analytics/productivity 200 87 - 14.423 ms","timestamp":"2026-04-11 16:49:56"}
{"level":"info","message":"POST /api/v1/auth/signup-admin 201 414 - 1239.376 ms","timestamp":"2026-04-11 16:49:56"}
{"level":"info","message":"POST /api/v1/auth/signup-admin 201 416 - 1398.924 ms","timestamp":"2026-04-11 16:49:56"}
{"level":"info","message":"POST /api/v1/tasks/69da2e5cc526ce539c9c6057/comments 200 487 - 23.988 ms","timestamp":"2026-04-11 16:49:56"}
{"level":"info","message":"GET /api/v1/timesheets 200 321 - 12.366 ms","timestamp":"2026-04-11 16:49:56"}
{"level":"info","message":"POST /api/v1/auth/signup-admin 201 420 - 1345.956 ms","timestamp":"2026-04-11 16:49:56"}
{"level":"info","message":"POST /api/v1/timesheets/69da2e5ca30ee22a1b58ec9b/submit 200 372 - 26.204 ms","timestamp":"2026-04-11 16:49:56"}
{"level":"info","message":"PATCH /api/v1/projects/69da2e5c4caba81af1c21b2f 200 264 - 19.637 ms","timestamp":"2026-04-11 16:49:56"}
{"level":"info","message":"POST /api/v1/auth/signup-admin 201 418 - 1217.355 ms","timestamp":"2026-04-11 16:49:56"}
{"level":"info","message":"POST /api/v1/attendance/check-in 200 426 - 32.881 ms","timestamp":"2026-04-11 16:49:56"}
{"level":"info","message":"POST /api/v1/attendance/toggle-break 400 90 - 23.584 ms","timestamp":"2026-04-11 16:49:56"}
{"level":"info","message":"POST /api/v1/auth/signup-admin 201 415 - 1327.705 ms","timestamp":"2026-04-11 16:49:57"}
{"level":"info","message":"GET /api/v1/employees/69da2e5d19e3220545dd736a 200 336 - 15.944 ms","timestamp":"2026-04-11 16:49:57"}
{"level":"info","message":"POST /api/v1/auth/signup-admin 201 414 - 1616.237 ms","timestamp":"2026-04-11 16:49:58"}
{"level":"info","message":"POST /api/v1/auth/signup-admin 201 422 - 1721.166 ms","timestamp":"2026-04-11 16:49:58"}
{"level":"info","message":"POST /api/v1/tasks/69da2e5ec526ce539c9c6066/time 200 342 - 20.459 ms","timestamp":"2026-04-11 16:49:58"}
{"level":"info","message":"GET /api/v1/analytics/projects 200 164 - 26.218 ms","timestamp":"2026-04-11 16:49:58"}
{"level":"info","message":"POST /api/v1/auth/signup-admin 201 418 - 1501.843 ms","timestamp":"2026-04-11 16:49:58"}
{"level":"info","message":"GET /api/v1/attendance/dashboard-metrics 200 88 - 47.511 ms","timestamp":"2026-04-11 16:49:58"}
{"level":"info","message":"POST /api/v1/auth/signup-admin 201 415 - 1432.918 ms","timestamp":"2026-04-11 16:49:58"}
{"level":"info","message":"PATCH /api/v1/employees/69da2e5e19e3220545dd7375 200 338 - 30.382 ms","timestamp":"2026-04-11 16:49:58"}
{"level":"info","message":"POST /api/v1/auth/signup-admin 201 422 - 1142.006 ms","timestamp":"2026-04-11 16:49:59"}
{"level":"info","message":"GET /api/v1/analytics/insights 200 2 - 16.099 ms","timestamp":"2026-04-11 16:49:59"}
{"level":"info","message":"POST /api/v1/auth/signup-admin 201 415 - 948.495 ms","timestamp":"2026-04-11 16:49:59"}
{"level":"info","message":"DELETE /api/v1/employees/69da2e5f19e3220545dd7380 200 30 - 12.258 ms","timestamp":"2026-04-11 16:49:59"}
{"level":"info","message":"POST /api/v1/auth/signup-admin 201 416 - 1020.250 ms","timestamp":"2026-04-11 16:50:01"}
{"level":"info","message":"POST /api/v1/leaves 201 392 - 34.280 ms","timestamp":"2026-04-11 16:50:01"}
{"level":"info","message":"POST /api/v1/auth/signup-admin 201 422 - 1069.077 ms","timestamp":"2026-04-11 16:50:01"}
{"level":"info","message":"POST /api/v1/auth/signup-admin 201 413 - 1107.854 ms","timestamp":"2026-04-11 16:50:01"}
{"level":"info","message":"POST /api/v1/workflows/flows 201 317 - 24.141 ms","timestamp":"2026-04-11 16:50:01"}
{"level":"info","message":"POST /api/v1/auth/signup-admin 201 416 - 1092.791 ms","timestamp":"2026-04-11 16:50:02"}
{"level":"info","message":"POST /api/v1/leaves 201 376 - 22.726 ms","timestamp":"2026-04-11 16:50:02"}
{"level":"info","message":"GET /api/v1/leaves 200 378 - 9.265 ms","timestamp":"2026-04-11 16:50:02"}
{"level":"info","message":"POST /api/v1/auth/login 200 413 - 997.606 ms","timestamp":"2026-04-11 16:50:02"}
{"level":"info","message":"POST /api/v1/auth/signup-admin 201 422 - 979.582 ms","timestamp":"2026-04-11 16:50:02"}
{"level":"info","message":"POST /api/v1/workflows/action/69da2e62a9c7636ba2ab446a 200 737 - 141.162 ms","timestamp":"2026-04-11 16:50:02"}
{"level":"info","message":"POST /api/v1/auth/login 401 33 - 633.446 ms","timestamp":"2026-04-11 16:50:03"}
{"level":"info","message":"POST /api/v1/auth/signup-admin 201 415 - 3931.436 ms","timestamp":"2026-04-11 16:50:36"}
{"level":"info","message":"POST /api/v1/auth/signup-admin 201 422 - 4594.808 ms","timestamp":"2026-04-11 16:50:36"}
{"level":"info","message":"GET /api/v1/employees/me 200 295 - 50.203 ms","timestamp":"2026-04-11 16:50:36"}
{"level":"info","message":"GET /api/v1/analytics/attendance 200 122 - 553.258 ms","timestamp":"2026-04-11 16:50:36"}
{"level":"info","message":"POST /api/v1/auth/signup-admin 201 418 - 4098.142 ms","timestamp":"2026-04-11 16:50:36"}
{"level":"info","message":"POST /api/v1/attendance/check-in 200 426 - 41.663 ms","timestamp":"2026-04-11 16:50:37"}
{"level":"info","message":"POST /api/v1/auth/signup-admin 201 414 - 4322.274 ms","timestamp":"2026-04-11 16:50:37"}
{"level":"info","message":"POST /api/v1/auth/signup-admin 201 418 - 4123.771 ms","timestamp":"2026-04-11 16:50:37"}
{"level":"info","message":"POST /api/v1/tasks 201 396 - 20.668 ms","timestamp":"2026-04-11 16:50:37"}
{"level":"info","message":"GET /api/v1/notifications 200 282 - 18.723 ms","timestamp":"2026-04-11 16:50:37"}
{"level":"info","message":"POST /api/v1/auth/signup-admin 201 416 - 3804.729 ms","timestamp":"2026-04-11 16:50:37"}
{"level":"info","message":"GET /api/v1/timesheets 200 321 - 24.802 ms","timestamp":"2026-04-11 16:50:37"}
{"level":"info","message":"POST /api/v1/auth/signup-admin 201 420 - 3856.859 ms","timestamp":"2026-04-11 16:50:37"}
{"level":"info","message":"POST /api/v1/projects 201 299 - 25.240 ms","timestamp":"2026-04-11 16:50:37"}
{"level":"info","message":"POST /api/v1/auth/signup-admin 201 415 - 1257.647 ms","timestamp":"2026-04-11 16:50:37"}
{"level":"info","message":"GET /api/v1/employees 200 712 - 34.488 ms","timestamp":"2026-04-11 16:50:37"}
{"level":"info","message":"POST /api/v1/auth/signup-admin 201 422 - 1310.005 ms","timestamp":"2026-04-11 16:50:38"}
{"level":"info","message":"GET /api/v1/analytics/productivity 200 87 - 13.741 ms","timestamp":"2026-04-11 16:50:38"}
{"level":"info","message":"POST /api/v1/auth/signup-admin 201 418 - 1290.891 ms","timestamp":"2026-04-11 16:50:38"}
{"level":"info","message":"POST /api/v1/attendance/check-in 200 426 - 14.989 ms","timestamp":"2026-04-11 16:50:38"}
{"level":"info","message":"POST /api/v1/auth/signup-admin 201 414 - 1251.062 ms","timestamp":"2026-04-11 16:50:38"}
{"level":"info","message":"GET /api/v1/attendance/status 200 426 - 12.570 ms","timestamp":"2026-04-11 16:50:38"}
{"level":"info","message":"POST /api/v1/auth/signup-admin 201 418 - 1253.331 ms","timestamp":"2026-04-11 16:50:38"}
{"level":"info","message":"GET /api/v1/tasks/project/69da2e8637d142241fb806ea 200 345 - 25.902 ms","timestamp":"2026-04-11 16:50:38"}
{"level":"info","message":"PATCH /api/v1/notifications/read/69da2e86d37333bea0aca2f6 200 41 - 16.772 ms","timestamp":"2026-04-11 16:50:38"}
{"level":"info","message":"POST /api/v1/auth/signup-admin 201 416 - 1229.710 ms","timestamp":"2026-04-11 16:50:38"}
{"level":"info","message":"GET /api/v1/timesheets 200 321 - 11.916 ms","timestamp":"2026-04-11 16:50:38"}
{"level":"info","message":"POST /api/v1/auth/signup-admin 201 420 - 1195.920 ms","timestamp":"2026-04-11 16:50:38"}
{"level":"info","message":"PATCH /api/v1/timesheets/69da2e8631477e1c7c65628e/entries 200 566 - 25.893 ms","timestamp":"2026-04-11 16:50:38"}
{"level":"info","message":"GET /api/v1/projects 200 262 - 25.863 ms","timestamp":"2026-04-11 16:50:38"}
{"level":"info","message":"POST /api/v1/auth/signup-admin 201 415 - 934.210 ms","timestamp":"2026-04-11 16:50:39"}
{"level":"info","message":"GET /api/v1/employees/69da2e87d18cda167f645964 200 336 - 13.226 ms","timestamp":"2026-04-11 16:50:39"}
{"level":"info","message":"POST /api/v1/auth/signup-admin 201 422 - 926.734 ms","timestamp":"2026-04-11 16:50:39"}
{"level":"info","message":"GET /api/v1/analytics/projects 200 164 - 13.846 ms","timestamp":"2026-04-11 16:50:39"}
{"level":"info","message":"POST /api/v1/auth/signup-admin 201 418 - 847.667 ms","timestamp":"2026-04-11 16:50:39"}
{"level":"info","message":"POST /api/v1/attendance/check-in 200 426 - 12.763 ms","timestamp":"2026-04-11 16:50:39"}
{"level":"info","message":"POST /api/v1/attendance/toggle-break 400 90 - 8.966 ms","timestamp":"2026-04-11 16:50:39"}
{"level":"info","message":"POST /api/v1/auth/signup-admin 201 414 - 888.702 ms","timestamp":"2026-04-11 16:50:39"}
{"level":"info","message":"POST /api/v1/auth/signup-admin 201 418 - 917.771 ms","timestamp":"2026-04-11 16:50:39"}
{"level":"info","message":"POST /api/v1/tasks/69da2e8737d142241fb806f9/comments 200 487 - 32.592 ms","timestamp":"2026-04-11 16:50:39"}
{"level":"info","message":"PATCH /api/v1/notifications/read-all 200 46 - 17.354 ms","timestamp":"2026-04-11 16:50:39"}
{"level":"info","message":"POST /api/v1/auth/signup-admin 201 416 - 922.857 ms","timestamp":"2026-04-11 16:50:39"}
{"level":"info","message":"POST /api/v1/auth/signup-admin 201 420 - 917.522 ms","timestamp":"2026-04-11 16:50:39"}
{"level":"info","message":"GET /api/v1/timesheets 200 321 - 18.166 ms","timestamp":"2026-04-11 16:50:39"}
{"level":"info","message":"PATCH /api/v1/projects/69da2e876ae4f1c8e3ea3f82 200 264 - 26.774 ms","timestamp":"2026-04-11 16:50:39"}
{"level":"info","message":"POST /api/v1/timesheets/69da2e8731477e1c7c65629d/submit 200 372 - 27.044 ms","timestamp":"2026-04-11 16:50:39"}
{"level":"info","message":"POST /api/v1/auth/signup-admin 201 415 - 952.441 ms","timestamp":"2026-04-11 16:50:40"}
{"level":"info","message":"PATCH /api/v1/employees/69da2e88d18cda167f64596f 200 338 - 28.701 ms","timestamp":"2026-04-11 16:50:40"}
{"level":"info","message":"POST /api/v1/auth/signup-admin 201 422 - 1182.311 ms","timestamp":"2026-04-11 16:50:40"}
{"level":"info","message":"GET /api/v1/analytics/insights 200 2 - 43.777 ms","timestamp":"2026-04-11 16:50:40"}
{"level":"info","message":"POST /api/v1/auth/signup-admin 201 418 - 1331.655 ms","timestamp":"2026-04-11 16:50:40"}
{"level":"info","message":"GET /api/v1/attendance/dashboard-metrics 200 88 - 61.755 ms","timestamp":"2026-04-11 16:50:40"}
{"level":"info","message":"POST /api/v1/auth/signup-admin 201 414 - 1301.010 ms","timestamp":"2026-04-11 16:50:40"}
{"level":"info","message":"POST /api/v1/tasks/69da2e8837d142241fb80708/time 200 342 - 23.893 ms","timestamp":"2026-04-11 16:50:40"}
{"level":"info","message":"POST /api/v1/auth/signup-admin 201 415 - 1315.897 ms","timestamp":"2026-04-11 16:50:41"}
{"level":"info","message":"DELETE /api/v1/employees/69da2e89d18cda167f64597a 200 30 - 12.845 ms","timestamp":"2026-04-11 16:50:41"}
{"level":"info","message":"POST /api/v1/auth/signup-admin 201 416 - 876.843 ms","timestamp":"2026-04-11 16:50:43"}
{"level":"info","message":"POST /api/v1/leaves 201 392 - 85.363 ms","timestamp":"2026-04-11 16:50:43"}
{"level":"info","message":"POST /api/v1/auth/signup-admin 201 413 - 902.347 ms","timestamp":"2026-04-11 16:50:43"}
{"level":"info","message":"POST /api/v1/auth/signup-admin 201 422 - 935.017 ms","timestamp":"2026-04-11 16:50:43"}
{"level":"info","message":"POST /api/v1/workflows/flows 201 317 - 23.166 ms","timestamp":"2026-04-11 16:50:44"}
{"level":"info","message":"POST /api/v1/auth/login 200 413 - 708.380 ms","timestamp":"2026-04-11 16:50:44"}
{"level":"info","message":"POST /api/v1/auth/signup-admin 201 416 - 692.900 ms","timestamp":"2026-04-11 16:50:44"}
{"level":"info","message":"POST /api/v1/leaves 201 376 - 16.468 ms","timestamp":"2026-04-11 16:50:44"}
{"level":"info","message":"GET /api/v1/leaves 200 378 - 8.353 ms","timestamp":"2026-04-11 16:50:44"}
{"level":"info","message":"POST /api/v1/auth/signup-admin 201 422 - 661.110 ms","timestamp":"2026-04-11 16:50:44"}
{"level":"info","message":"POST /api/v1/workflows/action/69da2e8c530e93539ccaa516 200 737 - 128.725 ms","timestamp":"2026-04-11 16:50:45"}
{"level":"info","message":"POST /api/v1/auth/login 401 33 - 626.614 ms","timestamp":"2026-04-11 16:50:45"}
{"level":"info","message":"🚀 Server running on http://localhost:5000 in development mode","timestamp":"2026-04-11 16:51:30"}
{"level":"info","message":"POST /api/v1/auth/signup-admin 201 418 - 2026.743 ms","timestamp":"2026-04-11 16:51:52"}
{"level":"info","message":"POST /api/v1/auth/signup-admin 201 420 - 1986.688 ms","timestamp":"2026-04-11 16:51:52"}
{"level":"info","message":"POST /api/v1/attendance/check-in 200 426 - 81.434 ms","timestamp":"2026-04-11 16:51:52"}
{"level":"info","message":"POST /api/v1/projects 201 299 - 44.446 ms","timestamp":"2026-04-11 16:51:52"}
{"level":"info","message":"POST /api/v1/auth/signup-admin 201 415 - 2030.931 ms","timestamp":"2026-04-11 16:51:52"}
{"level":"info","message":"GET /api/v1/employees/me 200 295 - 30.330 ms","timestamp":"2026-04-11 16:51:52"}
{"level":"info","message":"POST /api/v1/auth/signup-admin 201 414 - 2234.968 ms","timestamp":"2026-04-11 16:51:52"}
{"level":"info","message":"POST /api/v1/auth/signup-admin 201 422 - 2188.200 ms","timestamp":"2026-04-11 16:51:52"}
{"level":"info","message":"POST /api/v1/auth/signup-admin 201 416 - 2137.692 ms","timestamp":"2026-04-11 16:51:53"}
{"level":"info","message":"POST /api/v1/tasks 201 396 - 31.706 ms","timestamp":"2026-04-11 16:51:53"}
{"level":"info","message":"GET /api/v1/timesheets 200 321 - 26.490 ms","timestamp":"2026-04-11 16:51:53"}
{"level":"info","message":"GET /api/v1/analytics/attendance 200 122 - 533.511 ms","timestamp":"2026-04-11 16:51:53"}
{"level":"info","message":"POST /api/v1/auth/signup-admin 201 418 - 1105.879 ms","timestamp":"2026-04-11 16:51:53"}
{"level":"info","message":"POST /api/v1/auth/signup-admin 201 420 - 1092.383 ms","timestamp":"2026-04-11 16:51:53"}
{"level":"info","message":"POST /api/v1/attendance/check-in 200 426 - 25.061 ms","timestamp":"2026-04-11 16:51:53"}
{"level":"info","message":"GET /api/v1/projects 200 262 - 24.718 ms","timestamp":"2026-04-11 16:51:53"}
{"level":"info","message":"GET /api/v1/attendance/status 200 426 - 18.021 ms","timestamp":"2026-04-11 16:51:53"}
{"level":"info","message":"POST /api/v1/auth/signup-admin 201 415 - 1031.812 ms","timestamp":"2026-04-11 16:51:53"}
{"level":"info","message":"GET /api/v1/employees 200 712 - 49.584 ms","timestamp":"2026-04-11 16:51:54"}
{"level":"info","message":"POST /api/v1/auth/signup-admin 201 414 - 1038.833 ms","timestamp":"2026-04-11 16:51:54"}
{"level":"info","message":"POST /api/v1/auth/signup-admin 201 416 - 1026.319 ms","timestamp":"2026-04-11 16:51:54"}
{"level":"info","message":"GET /api/v1/tasks/project/69da2ed23487aeaa8ba7d024 200 345 - 24.972 ms","timestamp":"2026-04-11 16:51:54"}
{"level":"info","message":"GET /api/v1/timesheets 200 321 - 14.222 ms","timestamp":"2026-04-11 16:51:54"}
{"level":"info","message":"PATCH /api/v1/timesheets/69da2ed28f8b5cef7d9664c9/entries 200 566 - 26.972 ms","timestamp":"2026-04-11 16:51:54"}
{"level":"info","message":"POST /api/v1/auth/signup-admin 201 422 - 997.191 ms","timestamp":"2026-04-11 16:51:54"}
{"level":"info","message":"GET /api/v1/analytics/productivity 200 87 - 25.930 ms","timestamp":"2026-04-11 16:51:54"}
{"level":"info","message":"POST /api/v1/auth/signup-admin 201 420 - 1072.685 ms","timestamp":"2026-04-11 16:51:54"}
{"level":"info","message":"POST /api/v1/auth/signup-admin 201 418 - 1071.770 ms","timestamp":"2026-04-11 16:51:54"}
{"level":"info","message":"PATCH /api/v1/projects/69da2ed238f5169ae2462ad6 200 264 - 24.796 ms","timestamp":"2026-04-11 16:51:54"}
{"level":"info","message":"POST /api/v1/attendance/check-in 200 426 - 24.166 ms","timestamp":"2026-04-11 16:51:55"}
{"level":"info","message":"POST /api/v1/attendance/toggle-break 400 90 - 13.572 ms","timestamp":"2026-04-11 16:51:55"}
{"level":"info","message":"POST /api/v1/auth/signup-admin 201 415 - 1080.630 ms","timestamp":"2026-04-11 16:51:55"}
{"level":"info","message":"GET /api/v1/employees/69da2ed3f479e5c4412b5ef4 200 336 - 23.480 ms","timestamp":"2026-04-11 16:51:55"}
{"level":"info","message":"POST /api/v1/auth/signup-admin 201 414 - 1140.188 ms","timestamp":"2026-04-11 16:51:55"}
{"level":"info","message":"POST /api/v1/auth/signup-admin 201 416 - 1145.678 ms","timestamp":"2026-04-11 16:51:55"}
{"level":"info","message":"POST /api/v1/tasks/69da2ed33487aeaa8ba7d033/comments 200 487 - 47.482 ms","timestamp":"2026-04-11 16:51:55"}
{"level":"info","message":"GET /api/v1/timesheets 200 321 - 17.746 ms","timestamp":"2026-04-11 16:51:55"}
{"level":"info","message":"POST /api/v1/timesheets/69da2ed38f8b5cef7d9664d8/submit 200 372 - 39.335 ms","timestamp":"2026-04-11 16:51:55"}
{"level":"info","message":"POST /api/v1/auth/signup-admin 201 422 - 1180.377 ms","timestamp":"2026-04-11 16:51:55"}
{"level":"info","message":"GET /api/v1/analytics/projects 200 164 - 19.256 ms","timestamp":"2026-04-11 16:51:55"}
{"level":"info","message":"POST /api/v1/auth/signup-admin 201 418 - 1319.999 ms","timestamp":"2026-04-11 16:51:56"}
{"level":"info","message":"GET /api/v1/attendance/dashboard-metrics 200 88 - 31.090 ms","timestamp":"2026-04-11 16:51:56"}
{"level":"info","message":"POST /api/v1/auth/signup-admin 201 415 - 1184.032 ms","timestamp":"2026-04-11 16:51:56"}
{"level":"info","message":"PATCH /api/v1/employees/69da2ed4f479e5c4412b5eff 200 338 - 52.017 ms","timestamp":"2026-04-11 16:51:56"}
{"level":"info","message":"POST /api/v1/auth/signup-admin 201 414 - 1321.127 ms","timestamp":"2026-04-11 16:51:56"}
{"level":"info","message":"POST /api/v1/tasks/69da2ed43487aeaa8ba7d042/time 200 342 - 17.084 ms","timestamp":"2026-04-11 16:51:56"}
{"level":"info","message":"POST /api/v1/auth/signup-admin 201 422 - 1175.575 ms","timestamp":"2026-04-11 16:51:57"}
{"level":"info","message":"GET /api/v1/analytics/insights 200 2 - 25.695 ms","timestamp":"2026-04-11 16:51:57"}
{"level":"info","message":"POST /api/v1/auth/signup-admin 201 415 - 1115.501 ms","timestamp":"2026-04-11 16:51:57"}
{"level":"info","message":"DELETE /api/v1/employees/69da2ed5f479e5c4412b5f0a 200 30 - 86.239 ms","timestamp":"2026-04-11 16:51:58"}
{"level":"info","message":"POST /api/v1/auth/signup-admin 201 418 - 1750.859 ms","timestamp":"2026-04-11 16:51:58"}
{"level":"info","message":"GET /api/v1/notifications 200 282 - 48.382 ms","timestamp":"2026-04-11 16:51:58"}
{"level":"info","message":"POST /api/v1/auth/signup-admin 201 418 - 1011.921 ms","timestamp":"2026-04-11 16:51:59"}
{"level":"info","message":"PATCH /api/v1/notifications/read/69da2ed79160c665e6f41b56 200 41 - 13.631 ms","timestamp":"2026-04-11 16:51:59"}
{"level":"info","message":"POST /api/v1/auth/signup-admin 201 413 - 1177.503 ms","timestamp":"2026-04-11 16:51:59"}
{"level":"info","message":"POST /api/v1/auth/signup-admin 201 422 - 915.397 ms","timestamp":"2026-04-11 16:52:00"}
{"level":"info","message":"POST /api/v1/workflows/flows 201 317 - 17.830 ms","timestamp":"2026-04-11 16:52:00"}
{"level":"info","message":"POST /api/v1/auth/signup-admin 201 418 - 748.450 ms","timestamp":"2026-04-11 16:52:00"}
{"level":"info","message":"PATCH /api/v1/notifications/read-all 200 46 - 8.841 ms","timestamp":"2026-04-11 16:52:00"}
{"level":"info","message":"POST /api/v1/auth/login 200 413 - 724.304 ms","timestamp":"2026-04-11 16:52:00"}
{"level":"info","message":"POST /api/v1/auth/signup-admin 201 422 - 677.667 ms","timestamp":"2026-04-11 16:52:00"}
{"level":"info","message":"POST /api/v1/auth/signup-admin 201 416 - 908.268 ms","timestamp":"2026-04-11 16:52:01"}
{"level":"info","message":"POST /api/v1/workflows/action/69da2ed83168cfe8a98a0abf 200 737 - 171.594 ms","timestamp":"2026-04-11 16:52:01"}
{"level":"info","message":"POST /api/v1/auth/login 401 33 - 719.279 ms","timestamp":"2026-04-11 16:52:01"}
{"level":"info","message":"POST /api/v1/leaves 201 392 - 290.796 ms","timestamp":"2026-04-11 16:52:01"}
{"level":"info","message":"POST /api/v1/auth/signup-admin 201 416 - 471.411 ms","timestamp":"2026-04-11 16:52:02"}
{"level":"info","message":"POST /api/v1/leaves 201 376 - 11.993 ms","timestamp":"2026-04-11 16:52:02"}
{"level":"info","message":"GET /api/v1/leaves 200 378 - 7.338 ms","timestamp":"2026-04-11 16:52:02"}
{"level":"info","message":"POST /api/v1/auth/signup-admin 500 37 - 1912.492 ms","timestamp":"2026-04-11 17:17:00"}
{"level":"info","message":"POST /api/v1/auth/login 401 33 - 186.684 ms","timestamp":"2026-04-11 17:17:07"}
{"level":"info","message":"POST /api/v1/auth/refresh 401 26 - 0.844 ms","timestamp":"2026-04-11 17:17:07"}
{"level":"info","message":"GET /api/v1/notifications 401 26 - 0.945 ms","timestamp":"2026-04-11 17:17:56"}
{"level":"info","message":"POST /api/v1/auth/refresh 200 271 - 181.375 ms","timestamp":"2026-04-11 17:17:56"}
{"level":"info","message":"GET /api/v1/notifications 200 2 - 183.449 ms","timestamp":"2026-04-11 17:17:56"}
{"level":"info","message":"GET /api/v1/employees/me 200 428 - 308.446 ms","timestamp":"2026-04-11 17:17:56"}
{"level":"info","message":"GET /api/v1/attendance/status 200 758 - 1254.409 ms","timestamp":"2026-04-11 17:17:57"}
{"level":"info","message":"GET /api/v1/attendance/dashboard-metrics 200 89 - 1570.914 ms","timestamp":"2026-04-11 17:17:58"}
{"level":"info","message":"POST /api/v1/auth/signup-admin 500 37 - 832.259 ms","timestamp":"2026-04-11 17:18:36"}
{"level":"info","message":"POST /api/v1/auth/signup-admin 500 37 - 650.300 ms","timestamp":"2026-04-11 17:18:55"}
{"level":"info","message":"POST /api/v1/auth/login 401 33 - 165.118 ms","timestamp":"2026-04-11 17:19:13"}
{"level":"info","message":"POST /api/v1/auth/refresh 401 26 - 0.420 ms","timestamp":"2026-04-11 17:19:13"}
{"level":"info","message":"POST /api/v1/auth/signup-admin 500 37 - 664.317 ms","timestamp":"2026-04-11 17:19:15"}
{"level":"info","message":"POST /api/v1/auth/signup-admin 500 37 - 623.113 ms","timestamp":"2026-04-11 17:19:54"}
{"level":"info","message":"POST /api/v1/auth/signup-admin 500 37 - 699.445 ms","timestamp":"2026-04-11 17:20:14"}
{"level":"info","message":"POST /api/v1/auth/signup-admin 201 418 - 1083.067 ms","timestamp":"2026-04-11 17:21:32"}
{"level":"info","message":"POST /api/v1/auth/signup-admin 500 37 - 747.552 ms","timestamp":"2026-04-11 17:24:16"}
{"level":"info","message":"🚀 Server running on http://localhost:5000 in development mode","timestamp":"2026-04-11 17:25:42"}
{"level":"info","message":"GET /api/health 404 149 - 2.770 ms","timestamp":"2026-04-11 17:26:18"}
{"level":"info","message":"GET /health 200 54 - 1.852 ms","timestamp":"2026-04-11 17:26:23"}
{"level":"info","message":"GET /favicon.ico 404 150 - 0.923 ms","timestamp":"2026-04-11 17:26:23"}
{"level":"info","message":"🚀 Server running on http://localhost:5000 in development mode","timestamp":"2026-04-11 18:25:45"}
